<?xml version="1.0" encoding="UTF-8"?>
<testng-results ignored="0" total="1" passed="1" failed="0" skipped="0">
  <reporter-output>
  </reporter-output>
  <suite started-at="2024-11-27T19:29:51 PKT" name="Surefire suite" finished-at="2024-11-27T19:29:51 PKT" duration-ms="118">
    <groups>
    </groups>
    <test started-at="2024-11-27T19:29:51 PKT" name="Surefire test" finished-at="2024-11-27T19:29:51 PKT" duration-ms="118">
      <class name="helloworld_sufian.TestHelloWorld">
        <test-method signature="testhelloworld()[pri:0, instance:helloworld_sufian.TestHelloWorld@72f926e6]" started-at="2024-11-27T19:29:51 PKT" name="testhelloworld" finished-at="2024-11-27T19:29:51 PKT" duration-ms="19" status="PASS">
          <reporter-output>
          </reporter-output>
        </test-method> <!-- testhelloworld -->
      </class> <!-- helloworld_sufian.TestHelloWorld -->
    </test> <!-- Surefire test -->
  </suite> <!-- Surefire suite -->
</testng-results>
